<?xml version="1.0" encoding="UTF-8"?>
<testng-results ignored="0" total="3" passed="2" failed="1" skipped="0">
  <reporter-output>
  </reporter-output>
  <suite started-at="2021-06-05T13:25:54 IST" name="Suite" finished-at="2021-06-05T13:26:55 IST" duration-ms="61715">
    <groups>
    </groups>
    <test started-at="2021-06-05T13:25:54 IST" name="Test" finished-at="2021-06-05T13:26:55 IST" duration-ms="61715">
      <class name="com.auto.testscripts.VerifySite">
        <test-method is-config="true" signature="verifyTest()[pri:0, instance:com.auto.testscripts.VerifySite@30b7c004]" started-at="2021-06-05T13:25:54 IST" name="verifyTest" finished-at="2021-06-05T13:26:31 IST" duration-ms="36972" status="PASS">
          <reporter-output>
          </reporter-output>
        </test-method> <!-- verifyTest -->
        <test-method is-config="true" signature="beforeMethod(java.lang.reflect.Method)[pri:0, instance:com.auto.testscripts.VerifySite@30b7c004]" started-at="2021-06-05T13:26:31 IST" name="beforeMethod" finished-at="2021-06-05T13:26:31 IST" duration-ms="14" status="PASS">
          <params>
            <param index="0">
              <value>
                <![CDATA[public void com.auto.testscripts.VerifySite.testsele()]]>
              </value>
            </param>
          </params>
          <reporter-output>
          </reporter-output>
        </test-method> <!-- beforeMethod -->
        <test-method signature="testsele()[pri:1, instance:com.auto.testscripts.VerifySite@30b7c004]" started-at="2021-06-05T13:26:31 IST" name="testsele" finished-at="2021-06-05T13:26:32 IST" duration-ms="1735" status="FAIL">
          <exception class="java.lang.AssertionError">
            <message>
              <![CDATA[did not expect to find [true] but found [false]]]>
            </message>
            <full-stacktrace>
              <![CDATA[java.lang.AssertionError: did not expect to find [true] but found [false]
at org.testng.Assert.fail(Assert.java:97)
at org.testng.Assert.failNotEquals(Assert.java:969)
at org.testng.Assert.assertTrue(Assert.java:43)
at org.testng.Assert.assertTrue(Assert.java:53)
at com.auto.pageobjects.JavatHome.verifytitle(JavatHome.java:37)
at com.auto.testscripts.VerifySite.testsele(VerifySite.java:25)
at java.base/jdk.internal.reflect.NativeMethodAccessorImpl.invoke0(Native Method)
at java.base/jdk.internal.reflect.NativeMethodAccessorImpl.invoke(NativeMethodAccessorImpl.java:78)
at java.base/jdk.internal.reflect.DelegatingMethodAccessorImpl.invoke(DelegatingMethodAccessorImpl.java:43)
at java.base/java.lang.reflect.Method.invoke(Method.java:567)
at org.testng.internal.MethodInvocationHelper.invokeMethod(MethodInvocationHelper.java:133)
at org.testng.internal.TestInvoker.invokeMethod(TestInvoker.java:584)
at org.testng.internal.TestInvoker.invokeTestMethod(TestInvoker.java:172)
at org.testng.internal.MethodRunner.runInSequence(MethodRunner.java:46)
at org.testng.internal.TestInvoker$MethodInvocationAgent.invoke(TestInvoker.java:804)
at org.testng.internal.TestInvoker.invokeTestMethods(TestInvoker.java:145)
at org.testng.internal.TestMethodWorker.invokeTestMethods(TestMethodWorker.java:146)
at org.testng.internal.TestMethodWorker.run(TestMethodWorker.java:128)
at java.base/java.util.ArrayList.forEach(ArrayList.java:1511)
at org.testng.TestRunner.privateRun(TestRunner.java:770)
at org.testng.TestRunner.run(TestRunner.java:591)
at org.testng.SuiteRunner.runTest(SuiteRunner.java:402)
at org.testng.SuiteRunner.runSequentially(SuiteRunner.java:396)
at org.testng.SuiteRunner.privateRun(SuiteRunner.java:355)
at org.testng.SuiteRunner.run(SuiteRunner.java:304)
at org.testng.SuiteRunnerWorker.runSuite(SuiteRunnerWorker.java:53)
at org.testng.SuiteRunnerWorker.run(SuiteRunnerWorker.java:96)
at org.testng.TestNG.runSuitesSequentially(TestNG.java:1180)
at org.testng.TestNG.runSuitesLocally(TestNG.java:1102)
at org.testng.TestNG.runSuites(TestNG.java:1032)
at org.testng.TestNG.run(TestNG.java:1000)
at org.testng.remote.AbstractRemoteTestNG.run(AbstractRemoteTestNG.java:115)
at org.testng.remote.RemoteTestNG.initAndRun(RemoteTestNG.java:251)
at org.testng.remote.RemoteTestNG.main(RemoteTestNG.java:77)
]]>
            </full-stacktrace>
          </exception> <!-- java.lang.AssertionError -->
          <reporter-output>
          </reporter-output>
        </test-method> <!-- testsele -->
        <test-method is-config="true" signature="afterMethod(org.testng.ITestResult)[pri:0, instance:com.auto.testscripts.VerifySite@30b7c004]" started-at="2021-06-05T13:26:33 IST" name="afterMethod" finished-at="2021-06-05T13:26:49 IST" duration-ms="15994" status="PASS">
          <params>
            <param index="0">
              <value>
                <![CDATA[[TestResult name=testsele status=FAILURE method=VerifySite.testsele()[pri:1, instance:com.auto.testscripts.VerifySite@30b7c004] output={null}]]]>
              </value>
            </param>
          </params>
          <reporter-output>
          </reporter-output>
        </test-method> <!-- afterMethod -->
        <test-method is-config="true" signature="beforeMethod(java.lang.reflect.Method)[pri:0, instance:com.auto.testscripts.VerifySite@30b7c004]" started-at="2021-06-05T13:26:49 IST" name="beforeMethod" finished-at="2021-06-05T13:26:49 IST" duration-ms="1" status="PASS">
          <params>
            <param index="0">
              <value>
                <![CDATA[public void com.auto.testscripts.VerifySite.testjst()]]>
              </value>
            </param>
          </params>
          <reporter-output>
          </reporter-output>
        </test-method> <!-- beforeMethod -->
        <test-method signature="testjst()[pri:2, instance:com.auto.testscripts.VerifySite@30b7c004]" started-at="2021-06-05T13:26:49 IST" name="testjst" finished-at="2021-06-05T13:26:49 IST" duration-ms="80" status="PASS">
          <reporter-output>
          </reporter-output>
        </test-method> <!-- testjst -->
        <test-method is-config="true" signature="afterMethod(org.testng.ITestResult)[pri:0, instance:com.auto.testscripts.VerifySite@30b7c004]" started-at="2021-06-05T13:26:49 IST" name="afterMethod" finished-at="2021-06-05T13:26:49 IST" duration-ms="1" status="PASS">
          <params>
            <param index="0">
              <value>
                <![CDATA[[TestResult name=testjst status=SUCCESS method=VerifySite.testjst()[pri:2, instance:com.auto.testscripts.VerifySite@30b7c004] output={null}]]]>
              </value>
            </param>
          </params>
          <reporter-output>
          </reporter-output>
        </test-method> <!-- afterMethod -->
        <test-method is-config="true" signature="beforeMethod(java.lang.reflect.Method)[pri:0, instance:com.auto.testscripts.VerifySite@30b7c004]" started-at="2021-06-05T13:26:49 IST" name="beforeMethod" finished-at="2021-06-05T13:26:49 IST" duration-ms="1" status="PASS">
          <params>
            <param index="0">
              <value>
                <![CDATA[public void com.auto.testscripts.VerifySite.testdbms()]]>
              </value>
            </param>
          </params>
          <reporter-output>
          </reporter-output>
        </test-method> <!-- beforeMethod -->
        <test-method signature="testdbms()[pri:3, instance:com.auto.testscripts.VerifySite@30b7c004]" started-at="2021-06-05T13:26:49 IST" name="testdbms" finished-at="2021-06-05T13:26:49 IST" duration-ms="55" status="PASS">
          <reporter-output>
          </reporter-output>
        </test-method> <!-- testdbms -->
        <test-method is-config="true" signature="afterMethod(org.testng.ITestResult)[pri:0, instance:com.auto.testscripts.VerifySite@30b7c004]" started-at="2021-06-05T13:26:49 IST" name="afterMethod" finished-at="2021-06-05T13:26:49 IST" duration-ms="1" status="PASS">
          <params>
            <param index="0">
              <value>
                <![CDATA[[TestResult name=testdbms status=SUCCESS method=VerifySite.testdbms()[pri:3, instance:com.auto.testscripts.VerifySite@30b7c004] output={null}]]]>
              </value>
            </param>
          </params>
          <reporter-output>
          </reporter-output>
        </test-method> <!-- afterMethod -->
        <test-method is-config="true" signature="afterTest()[pri:0, instance:com.auto.testscripts.VerifySite@30b7c004]" started-at="2021-06-05T13:26:49 IST" name="afterTest" finished-at="2021-06-05T13:26:55 IST" duration-ms="6624" status="PASS">
          <reporter-output>
          </reporter-output>
        </test-method> <!-- afterTest -->
      </class> <!-- com.auto.testscripts.VerifySite -->
    </test> <!-- Test -->
  </suite> <!-- Suite -->
</testng-results>
